<?xml version="1.0" encoding="UTF-8"?>
<testsuite xmlns:xsi="http://www.w3.org/2001/XMLSchema-instance" xsi:noNamespaceSchemaLocation="https://maven.apache.org/surefire/maven-surefire-plugin/xsd/surefire-test-report-3.0.xsd" version="3.0" name="gr.imsi.athenarc.xtremexpvisapi.XtremexpVisApiApplicationTests" time="5.5" tests="1" errors="0" skipped="0" failures="0">
  <properties>
[...]
</properties>
  <testcase name="contextLoads" classname="gr.imsi.athenarc.xtremexpvisapi.XtremexpVisApiApplicationTests" time="1.433">
    <system-out><![CDATA[14:59:46,775 |-INFO in ch.qos.logback.classic.LoggerContext[default] - This is logback-classic version 1.4.14
14:59:46,779 |-INFO in ch.qos.logback.classic.util.ContextInitializer@51a9ad5e - Here is a list of configurators discovered as a service, by rank: 
14:59:46,779 |-INFO in ch.qos.logback.classic.util.ContextInitializer@51a9ad5e -   org.springframework.boot.logging.logback.RootLogLevelConfigurator
14:59:46,779 |-INFO in ch.qos.logback.classic.util.ContextInitializer@51a9ad5e - They will be invoked in order until ExecutionStatus.DO_NOT_INVOKE_NEXT_IF_ANY is returned.
14:59:46,779 |-INFO in ch.qos.logback.classic.util.ContextInitializer@51a9ad5e - Constructed configurator of type class org.springframework.boot.logging.logback.RootLogLevelConfigurator
14:59:46,790 |-INFO in ch.qos.logback.classic.util.ContextInitializer@51a9ad5e - org.springframework.boot.logging.logback.RootLogLevelConfigurator.configure() call lasted 0 milliseconds. ExecutionStatus=INVOKE_NEXT_IF_ANY
14:59:46,790 |-INFO in ch.qos.logback.classic.util.ContextInitializer@51a9ad5e - Trying to configure with ch.qos.logback.classic.joran.SerializedModelConfigurator
14:59:46,792 |-INFO in ch.qos.logback.classic.util.ContextInitializer@51a9ad5e - Constructed configurator of type class ch.qos.logback.classic.joran.SerializedModelConfigurator
14:59:46,794 |-INFO in ch.qos.logback.classic.LoggerContext[default] - Could NOT find resource [logback-test.scmo]
14:59:46,795 |-INFO in ch.qos.logback.classic.LoggerContext[default] - Could NOT find resource [logback.scmo]
14:59:46,795 |-INFO in ch.qos.logback.classic.util.ContextInitializer@51a9ad5e - ch.qos.logback.classic.joran.SerializedModelConfigurator.configure() call lasted 3 milliseconds. ExecutionStatus=INVOKE_NEXT_IF_ANY
14:59:46,795 |-INFO in ch.qos.logback.classic.util.ContextInitializer@51a9ad5e - Trying to configure with ch.qos.logback.classic.util.DefaultJoranConfigurator
14:59:46,796 |-INFO in ch.qos.logback.classic.util.ContextInitializer@51a9ad5e - Constructed configurator of type class ch.qos.logback.classic.util.DefaultJoranConfigurator
14:59:46,798 |-INFO in ch.qos.logback.classic.LoggerContext[default] - Could NOT find resource [logback-test.xml]
14:59:46,802 |-INFO in ch.qos.logback.classic.LoggerContext[default] - Found resource [logback.xml] at [file:/Users/admin/XXP/vis-api/target/classes/logback.xml]
14:59:47,033 |-INFO in ch.qos.logback.classic.model.processor.ConfigurationModelHandlerFull - Registering a new ReconfigureOnChangeTask ReconfigureOnChangeTask(born:1715950787031)
14:59:47,033 |-INFO in ch.qos.logback.classic.model.processor.ConfigurationModelHandlerFull - No 'scanPeriod' specified. Defaulting to 1 minutes
14:59:47,033 |-INFO in ch.qos.logback.classic.model.processor.ConfigurationModelHandlerFull - Will scan for changes in [file:/Users/admin/XXP/vis-api/target/classes/logback.xml] 
14:59:47,033 |-INFO in ch.qos.logback.classic.model.processor.ConfigurationModelHandlerFull - Setting ReconfigureOnChangeTask scanning period to 1 minutes
14:59:47,040 |-INFO in ch.qos.logback.core.model.processor.AppenderModelHandler - Processing appender named [CONSOLE]
14:59:47,040 |-INFO in ch.qos.logback.core.model.processor.AppenderModelHandler - About to instantiate appender of type [ch.qos.logback.core.ConsoleAppender]
14:59:47,094 |-WARN in ch.qos.logback.core.ConsoleAppender[CONSOLE] - This appender no longer admits a layout as a sub-component, set an encoder instead.
14:59:47,094 |-WARN in ch.qos.logback.core.ConsoleAppender[CONSOLE] - To ensure compatibility, wrapping your layout in LayoutWrappingEncoder.
14:59:47,094 |-WARN in ch.qos.logback.core.ConsoleAppender[CONSOLE] - See also http://logback.qos.ch/codes.html#layoutInsteadOfEncoder for details
14:59:47,095 |-INFO in ch.qos.logback.core.model.processor.AppenderModelHandler - Processing appender named [FILE]
14:59:47,095 |-INFO in ch.qos.logback.core.model.processor.AppenderModelHandler - About to instantiate appender of type [ch.qos.logback.core.FileAppender]
14:59:47,100 |-WARN in ch.qos.logback.core.FileAppender[FILE] - This appender no longer admits a layout as a sub-component, set an encoder instead.
14:59:47,100 |-WARN in ch.qos.logback.core.FileAppender[FILE] - To ensure compatibility, wrapping your layout in LayoutWrappingEncoder.
14:59:47,100 |-WARN in ch.qos.logback.core.FileAppender[FILE] - See also http://logback.qos.ch/codes.html#layoutInsteadOfEncoder for details
14:59:47,100 |-INFO in ch.qos.logback.core.FileAppender[FILE] - File property is set to [logs.log]
14:59:47,104 |-INFO in ch.qos.logback.classic.model.processor.LoggerModelHandler - Setting level of logger [gr.imsi.athenarc.xtremexpvisapi.XtremexpVisApiApplication] to INFO
14:59:47,104 |-INFO in ch.qos.logback.classic.model.processor.LoggerModelHandler - Setting level of logger [gr.imsi.athenarc.xtremexpvisapi.controller.VisualizationController] to DEBUG
14:59:47,104 |-INFO in ch.qos.logback.classic.model.processor.LoggerModelHandler - Setting level of logger [gr.imsi.athenarc.xtremexpvisapi.datasource.QueryExecutor] to DEBUG
14:59:47,105 |-INFO in ch.qos.logback.classic.model.processor.RootLoggerModelHandler - Setting level of ROOT logger to INFO
14:59:47,105 |-INFO in ch.qos.logback.core.model.processor.AppenderRefModelHandler - Attaching appender named [CONSOLE] to Logger[ROOT]
14:59:47,106 |-INFO in ch.qos.logback.core.model.processor.AppenderRefModelHandler - Attaching appender named [FILE] to Logger[ROOT]
14:59:47,106 |-INFO in ch.qos.logback.core.model.processor.DefaultProcessor@5f20155b - End of configuration.
14:59:47,108 |-INFO in ch.qos.logback.classic.joran.JoranConfigurator@72ade7e3 - Registering current configuration as safe fallback point
14:59:47,108 |-INFO in ch.qos.logback.classic.util.ContextInitializer@51a9ad5e - ch.qos.logback.classic.util.DefaultJoranConfigurator.configure() call lasted 312 milliseconds. ExecutionStatus=DO_NOT_INVOKE_NEXT_IF_ANY

14:59:47.328 [main] INFO  o.s.t.c.s.AnnotationConfigContextLoaderUtils - Could not detect default configuration classes for test class [gr.imsi.athenarc.xtremexpvisapi.XtremexpVisApiApplicationTests]: XtremexpVisApiApplicationTests does not declare any static, non-private, non-final, nested classes annotated with @Configuration.
14:59:47.594 [main] INFO  o.s.b.t.c.SpringBootTestContextBootstrapper - Found @SpringBootConfiguration gr.imsi.athenarc.xtremexpvisapi.XtremexpVisApiApplication for test class gr.imsi.athenarc.xtremexpvisapi.XtremexpVisApiApplicationTests
14:59:47.960 [main] INFO  o.s.b.d.r.RestartApplicationListener - Restart disabled due to context in which it is running
14:59:48,255 |-INFO in ch.qos.logback.classic.model.processor.ConfigurationModelHandlerFull - Registering a new ReconfigureOnChangeTask ReconfigureOnChangeTask(born:1715950788255)
14:59:48,255 |-INFO in ch.qos.logback.classic.model.processor.ConfigurationModelHandlerFull - No 'scanPeriod' specified. Defaulting to 1 minutes
14:59:48,255 |-INFO in ch.qos.logback.classic.model.processor.ConfigurationModelHandlerFull - Will scan for changes in [file:/Users/admin/XXP/vis-api/target/classes/logback.xml] 
14:59:48,255 |-INFO in ch.qos.logback.classic.model.processor.ConfigurationModelHandlerFull - Setting ReconfigureOnChangeTask scanning period to 1 minutes
14:59:48,255 |-INFO in ch.qos.logback.core.model.processor.AppenderModelHandler - Processing appender named [CONSOLE]
14:59:48,255 |-INFO in ch.qos.logback.core.model.processor.AppenderModelHandler - About to instantiate appender of type [ch.qos.logback.core.ConsoleAppender]
14:59:48,256 |-WARN in ch.qos.logback.core.ConsoleAppender[CONSOLE] - This appender no longer admits a layout as a sub-component, set an encoder instead.
14:59:48,256 |-WARN in ch.qos.logback.core.ConsoleAppender[CONSOLE] - To ensure compatibility, wrapping your layout in LayoutWrappingEncoder.
14:59:48,256 |-WARN in ch.qos.logback.core.ConsoleAppender[CONSOLE] - See also http://logback.qos.ch/codes.html#layoutInsteadOfEncoder for details
14:59:48,256 |-INFO in ch.qos.logback.core.model.processor.AppenderModelHandler - Processing appender named [FILE]
14:59:48,256 |-INFO in ch.qos.logback.core.model.processor.AppenderModelHandler - About to instantiate appender of type [ch.qos.logback.core.FileAppender]
14:59:48,257 |-WARN in ch.qos.logback.core.FileAppender[FILE] - This appender no longer admits a layout as a sub-component, set an encoder instead.
14:59:48,257 |-WARN in ch.qos.logback.core.FileAppender[FILE] - To ensure compatibility, wrapping your layout in LayoutWrappingEncoder.
14:59:48,257 |-WARN in ch.qos.logback.core.FileAppender[FILE] - See also http://logback.qos.ch/codes.html#layoutInsteadOfEncoder for details
14:59:48,257 |-INFO in ch.qos.logback.core.FileAppender[FILE] - File property is set to [logs.log]
14:59:48,257 |-INFO in ch.qos.logback.classic.model.processor.LoggerModelHandler - Setting level of logger [gr.imsi.athenarc.xtremexpvisapi.XtremexpVisApiApplication] to INFO
14:59:48,258 |-INFO in ch.qos.logback.classic.jul.LevelChangePropagator@79c3f01f - Propagating INFO level on Logger[gr.imsi.athenarc.xtremexpvisapi.XtremexpVisApiApplication] onto the JUL framework
14:59:48,258 |-INFO in ch.qos.logback.classic.model.processor.LoggerModelHandler - Setting level of logger [gr.imsi.athenarc.xtremexpvisapi.controller.VisualizationController] to DEBUG
14:59:48,258 |-INFO in ch.qos.logback.classic.jul.LevelChangePropagator@79c3f01f - Propagating DEBUG level on Logger[gr.imsi.athenarc.xtremexpvisapi.controller.VisualizationController] onto the JUL framework
14:59:48,258 |-INFO in ch.qos.logback.classic.model.processor.LoggerModelHandler - Setting level of logger [gr.imsi.athenarc.xtremexpvisapi.datasource.QueryExecutor] to DEBUG
14:59:48,258 |-INFO in ch.qos.logback.classic.jul.LevelChangePropagator@79c3f01f - Propagating DEBUG level on Logger[gr.imsi.athenarc.xtremexpvisapi.datasource.QueryExecutor] onto the JUL framework
14:59:48,258 |-INFO in ch.qos.logback.classic.model.processor.RootLoggerModelHandler - Setting level of ROOT logger to INFO
14:59:48,258 |-INFO in ch.qos.logback.classic.jul.LevelChangePropagator@79c3f01f - Propagating INFO level on Logger[ROOT] onto the JUL framework
14:59:48,259 |-INFO in ch.qos.logback.core.model.processor.AppenderRefModelHandler - Attaching appender named [CONSOLE] to Logger[ROOT]
14:59:48,259 |-INFO in ch.qos.logback.core.model.processor.AppenderRefModelHandler - Attaching appender named [FILE] to Logger[ROOT]
14:59:48,259 |-INFO in ch.qos.logback.core.model.processor.DefaultProcessor@6c2f1700 - End of configuration.
14:59:48,259 |-INFO in org.springframework.boot.logging.logback.SpringBootJoranConfigurator@350b3a17 - Registering current configuration as safe fallback point


  .   ____          _            __ _ _
 /\\ / ___'_ __ _ _(_)_ __  __ _ \ \ \ \
( ( )\___ | '_ | '_| | '_ \/ _` | \ \ \ \
 \\/  ___)| |_)| | | | | || (_| |  ) ) ) )
  '  |____| .__|_| |_|_| |_\__, | / / / /
 =========|_|==============|___/=/_/_/_/
 :: Spring Boot ::             (v3.3.0-M1)

14:59:48.317 [background-preinit] INFO  o.h.validator.internal.util.Version - HV000001: Hibernate Validator 8.0.1.Final
14:59:48.403 [main] INFO  g.i.a.x.XtremexpVisApiApplicationTests - Starting XtremexpVisApiApplicationTests using Java 17.0.11 with PID 13507 (started by admin in /Users/admin/XXP/vis-api)
14:59:48.405 [main] INFO  g.i.a.x.XtremexpVisApiApplicationTests - No active profile set, falling back to 1 default profile: "default"
14:59:50.680 [main] INFO  g.i.a.x.XtremexpVisApiApplicationTests - Started XtremexpVisApiApplicationTests in 2.748 seconds (process running for 5.189)
]]></system-out>
  </testcase>
</testsuite>